<?xml version="1.0" encoding="UTF-8" ?>
<testsuites>
<testsuite name="Ability" errors="0" tests="0" failures="0" time="0" timestamp="2017-07-27T17:13:36">
</testsuite>
<testsuite name="Ability.#Random Number" errors="0" tests="1" failures="0" time="0.008" timestamp="2017-07-27T17:13:36">
  <testcase classname="Ability.#Random Number" name="should produce a number between 1 and 10" time="0.007"></testcase>
</testsuite>
</testsuites>